[2026-02-05 09:41:57] Modificación detectada en: {archivo}
[2026-02-05 09:44:05] Modificación detectada en: .gitignore
[2026-02-11 11:29:50] Modificación detectada en: readme.md. Copia en cuarentena
[2026-02-13 09:39:14] Modificación detectada en: C:\Users\larar\PycharmProjects\PythonProject1\gandalfkey\src\main.py
[2026-02-13 09:43:56] Modificación detectada en: C:\Users\larar\PycharmProjects\PythonProject1\gandalfkey\src\main.py
[2026-02-13 09:43:56] Archivo desaparecido: C:\Users\larar\PycharmProjects\PythonProject1\gandalfkey\src\secreto.txt
[2026-02-16 10:08:21] Modificación detectada en: C:\Users\larar\PycharmProjects\PythonProject1\gandalfkey\src\main.py
[2026-02-20 11:05:16] Hb-hc-ha-h~nlchb7-VHcb-??P-Dc{ladi-ljx`hcy7-*|xllcydchQQ@BIDKDNLIBR_HLI@HQu=h@I*
[2026-02-20 11:15:41] @bidkdnlndþc-ihyhnylil-hc7-N7QX~h~QallQ]tnel`]bghny~Q]tyebc]bghny<QjlcilakfhtQ~nQ`ldc#}t
[2026-02-23 09:48:35] @bidkdnlndþc-ihyhnylil-hc7-N7QX~h~QallQ]tnel`]bghny~Q]tyebc]bghny<QjlcilakfhtQ~nQ`ldc#}t
[2026-02-24 10:31:09] ¬NL@XKALGH,-LIC-ih-#}cj-bnxayb-hc-#yuy
[2026-02-24 10:31:10] @bidkdnlndþc-ihyhnylil-hc7-N7QX~h~QallQ]tnel`]bghny~Q]tyebc]bghny<QjlcilakfhtQ~nQ`ldc#}t
[2026-02-24 10:31:11] @bidkdnlndþc-ihyhnylil-hc7-N7QX~h~QallQ]tnel`]bghny~Q]tyebc]bghny<QjlcilakfhtQ~nQ~nlcch#}t
[2026-02-24 10:31:12] Lned{b-ih~l}lhndib7-N7QX~h~QallQ]tnel`]bghny~Q]tyebc]bghny<QjlcilakfhtQ~nQyh~y#}t
[2026-02-25 09:34:13] ^x}alcylndþc-ih-LIC-ihyhnylil7-N7QX~h~QallQ]tnel`]bghny~Q]tyebc]bghny<QjlcilakfhtQ~nQ`ldc#}t
[2026-02-25 09:34:16] @bidkdnlndþc-ihyhnylil-hc7-N7QX~h~QallQ]tnel`]bghny~Q]tyebc]bghny<QjlcilakfhtQ~nQ`ldc#}t
[2026-02-25 09:34:17] ^x}alcylndþc-ih-LIC-ihyhnylil7-N7QX~h~QallQ]tnel`]bghny~Q]tyebc]bghny<QjlcilakfhtQ~nQ~nlcch#}t
[2026-02-25 09:34:19] @bidkdnlndþc-ihyhnylil-hc7-N7QX~h~QallQ]tnel`]bghny~Q]tyebc]bghny<QjlcilakfhtQ~nQ~nlcch#}t
[2026-02-25 09:34:21] Lned{b-ih~l}lhndib7-N7QX~h~QallQ]tnel`]bghny~Q]tyebc]bghny<QjlcilakfhtQobl#yuy
[2026-02-25 09:34:21] Lned{b-ih~l}lhndib7-N7QX~h~QallQ]tnel`]bghny~Q]tyebc]bghny<QjlcilakfhtQ~nQyh~yRlic#yuy
[2026-02-26 11:38:43] @bidkdnlndþc-ihyhnylil-hc7-N7QX~h~QallQ]tnel`]bghny~Q]tyebc]bghny<QjlcilakfhtQ~nQ`ldc#}t
[2026-02-26 11:55:39] @bidkdnlndþc-ihyhnylil-hc7-N7QX~h~QallQ]tnel`]bghny~Q]tyebc]bghny<QjlcilakfhtQ~nQ`ldc#}t
